2023-11-07T09:49:14.546Z
SyntaxError: You have a syntax error at "schema.dbml" line 4 column 12. Expected " ", "[", PK, comment, newline, or unique but "v" found.
    at /usr/local/lib/node_modules/@dbml/cli/lib/cli/utils.js:45:13
    at Array.forEach (<anonymous>)
    at generate (/usr/local/lib/node_modules/@dbml/cli/lib/cli/utils.js:39:14)
    at exportHandler (/usr/local/lib/node_modules/@dbml/cli/lib/cli/export.js:25:27)
    at Object.dbml2sql (/usr/local/lib/node_modules/@dbml/cli/lib/cli/index.js:19:23)
    at Object.<anonymous> (/usr/local/lib/node_modules/@dbml/cli/bin/dbml2sql.js:4:19)
    at Module._compile (internal/modules/cjs/loader.js:999:30)
    at Object.Module._extensions..js (internal/modules/cjs/loader.js:1027:10)
    at Module.load (internal/modules/cjs/loader.js:863:32)
    at Function.Module._load (internal/modules/cjs/loader.js:708:14)

ROOT_ERROR:
SyntaxError: Expected " ", "[", PK, comment, newline, or unique but "v" found.
    at peg$buildStructuredError (/usr/local/lib/node_modules/@dbml/cli/node_modules/@dbml/core/lib/parse/dbmlParser.js:1091:12)
    at Object.peg$parse [as parse] (/usr/local/lib/node_modules/@dbml/cli/node_modules/@dbml/core/lib/parse/dbmlParser.js:6866:11)
    at Function.parseDBMLToJSON (/usr/local/lib/node_modules/@dbml/cli/node_modules/@dbml/core/lib/parse/Parser.js:49:37)
    at Function.parse (/usr/local/lib/node_modules/@dbml/cli/node_modules/@dbml/core/lib/parse/Parser.js:76:32)
    at Object._export [as export] (/usr/local/lib/node_modules/@dbml/cli/node_modules/@dbml/core/lib/export/index.js:11:37)
    at /usr/local/lib/node_modules/@dbml/cli/lib/cli/export.js:25:69
    at /usr/local/lib/node_modules/@dbml/cli/lib/cli/utils.js:42:23
    at Array.forEach (<anonymous>)
    at generate (/usr/local/lib/node_modules/@dbml/cli/lib/cli/utils.js:39:14)
    at exportHandler (/usr/local/lib/node_modules/@dbml/cli/lib/cli/export.js:25:27)
{"start":{"offset":89,"line":4,"column":12},"end":{"offset":90,"line":4,"column":13}}

